{
  "RSpec": {
    "coverage": {
      "/home/jasmine/Desktop/sudoku/config/environment.rb": [
        null,
        1,
        null,
        null,
        1
      ],
      "/home/jasmine/Desktop/sudoku/config/application.rb": [
        1,
        null,
        1,
        null,
        null,
        null,
        1,
        null,
        1,
        1,
        null,
        1,
        1,
        null,
        null,
        null,
        null,
        null,
        null,
        null,
        null,
        null
      ],
      "/home/jasmine/Desktop/sudoku/config/boot.rb": [
        null,
        1,
        null,
        1
      ],
      "/home/jasmine/Desktop/sudoku/config/environments/test.rb": [
        1,
        null,
        null,
        null,
        null,
        null,
        null,
        1,
        null,
        null,
        null,
        null,
        1,
        null,
        null,
        1,
        1,
        null,
        null,
        1,
        1,
        null,
        null,
        1,
        null,
        null,
        1,
        null,
        null,
        null,
        null,
        1,
        null,
        null,
        1,
        null,
        null,
        null,
        null
      ],
      "/home/jasmine/Desktop/sudoku/config/initializers/assets.rb": [
        null,
        null,
        null,
        1,
        null,
        null,
        null,
        null
      ],
      "/home/jasmine/Desktop/sudoku/config/initializers/backtrace_silencers.rb": [
        null,
        null,
        null,
        null,
        null,
        null,
        null
      ],
      "/home/jasmine/Desktop/sudoku/config/initializers/cookies_serializer.rb": [
        null,
        null,
        1
      ],
      "/home/jasmine/Desktop/sudoku/config/initializers/filter_parameter_logging.rb": [
        null,
        null,
        null,
        1
      ],
      "/home/jasmine/Desktop/sudoku/config/initializers/inflections.rb": [
        null,
        null,
        null,
        null,
        null,
        null,
        null,
        null,
        null,
        null,
        null,
        null,
        null,
        null,
        null,
        null
      ],
      "/home/jasmine/Desktop/sudoku/config/initializers/mime_types.rb": [
        null,
        null,
        null,
        null
      ],
      "/home/jasmine/Desktop/sudoku/config/initializers/session_store.rb": [
        null,
        null,
        1
      ],
      "/home/jasmine/Desktop/sudoku/config/initializers/wrap_parameters.rb": [
        null,
        null,
        null,
        null,
        null,
        null,
        1,
        1,
        null,
        null,
        null,
        null,
        null,
        null
      ],
      "/home/jasmine/Desktop/sudoku/config/routes.rb": [
        1,
        null,
        1,
        1,
        null,
        null,
        1,
        1,
        1,
        1,
        1,
        1,
        null,
        null
      ],
      "/home/jasmine/Desktop/sudoku/app/helpers/application_helper.rb": [
        1,
        null,
        null
      ],
      "/home/jasmine/Desktop/sudoku/app/helpers/puzzles_helper.rb": [
        1,
        null,
        1,
        0,
        null,
        null,
        1,
        0,
        null,
        null,
        null
      ],
      "/home/jasmine/Desktop/sudoku/app/models/puzzle.rb": [
        1,
        1,
        1,
        null,
        1,
        1,
        1,
        null,
        1,
        41,
        null,
        null,
        1,
        8,
        8,
        8,
        8,
        null,
        null,
        1,
        0,
        0,
        null,
        null,
        null,
        null,
        1,
        0,
        null,
        null,
        1,
        0,
        null,
        null,
        1,
        410,
        null,
        null,
        null
      ],
      "/home/jasmine/Desktop/sudoku/app/models/concerns/solver.rb": [
        1,
        null,
        1,
        1,
        1,
        null,
        1,
        9,
        9,
        null,
        null,
        1,
        9,
        9,
        9,
        9,
        null,
        null,
        1,
        23,
        28,
        28,
        28,
        9,
        null,
        14,
        14,
        14,
        null,
        5,
        null,
        null,
        0,
        null,
        null,
        23,
        null,
        null,
        1,
        30,
        30,
        142,
        142,
        142,
        142,
        42,
        42,
        42,
        42,
        42,
        19,
        null,
        null,
        null,
        null,
        null
      ],
      "/home/jasmine/Desktop/sudoku/app/models/concerns/simple_logic.rb": [
        1,
        1,
        143,
        1287,
        11583,
        11583,
        506,
        506,
        null,
        null,
        null,
        143,
        null,
        null,
        1,
        24614,
        24614,
        12186,
        null,
        null,
        1,
        12187,
        12187,
        null,
        null,
        1,
        12187,
        12187,
        null,
        null,
        1,
        12187,
        12187,
        null,
        null,
        1,
        36562,
        365620,
        36562,
        null,
        null,
        null
      ],
      "/home/jasmine/Desktop/sudoku/app/models/concerns/complex_logic.rb": [
        1,
        1,
        1164,
        1164,
        10476,
        null,
        1164,
        null,
        null,
        1,
        388,
        388,
        388,
        388,
        null,
        null,
        1,
        1164,
        11640,
        1164,
        null,
        null,
        1,
        1164,
        5828,
        5680,
        null,
        148,
        1332,
        704,
        148,
        148,
        148,
        null,
        null,
        null,
        null,
        null,
        null,
        1,
        43,
        129,
        387,
        null,
        null,
        null,
        null,
        1,
        388,
        388,
        388,
        388,
        null,
        null,
        1,
        430,
        null,
        null,
        1,
        388,
        388,
        3880,
        388,
        388,
        388,
        null,
        null,
        1,
        430,
        null,
        null
      ],
      "/home/jasmine/Desktop/sudoku/app/models/concerns/guess_logic.rb": [
        1,
        1,
        14,
        603,
        null,
        14,
        25,
        9,
        9,
        null,
        null,
        603,
        null,
        14,
        14,
        null,
        null,
        1,
        14,
        14,
        14,
        14,
        14,
        null,
        null,
        1,
        6,
        6,
        6,
        6,
        1,
        null,
        null,
        null,
        1,
        6,
        100,
        100,
        6,
        6,
        6,
        null,
        94,
        null,
        null,
        null,
        null,
        1,
        100,
        null,
        null,
        1,
        6,
        6,
        16,
        7,
        6,
        null,
        null
      ],
      "/home/jasmine/Desktop/sudoku/app/models/concerns/board_info.rb": [
        1,
        null,
        1,
        64,
        64,
        576,
        5184,
        2685,
        null,
        null,
        null,
        64,
        null,
        null,
        1,
        49,
        49,
        1959,
        5,
        null,
        null,
        44,
        388,
        388,
        388,
        388,
        11620,
        1162,
        null,
        null,
        43,
        null,
        null,
        1,
        10546,
        10546,
        10546,
        null,
        null,
        1,
        288932,
        null,
        null,
        1,
        12576,
        null,
        null,
        1,
        12576,
        12576,
        113184,
        null,
        12576,
        null,
        null,
        1,
        12576,
        12576,
        12576,
        12576,
        37728,
        113184,
        113184,
        113184,
        null,
        null,
        12576,
        null,
        null,
        1,
        257,
        null,
        null,
        1,
        389,
        389,
        389,
        389,
        1167,
        3501,
        3501,
        3501,
        null,
        null,
        389,
        null,
        null
      ]
    },
    "timestamp": 1428188520
  }
}
